<?xml version="1.0" encoding="UTF-8"?>
<!-- Generated by org.testng.reporters.JUnitReportReporter -->
<testsuite hostname="LAPTOP-ONFE0KF5" failures="0" tests="3" name="rahulshettyacademy.tests.SubmitOrderTest" time="28.214" errors="0" timestamp="26 Oct 2024 17:23:41 GMT" skipped="0">
  <testcase classname="rahulshettyacademy.tests.SubmitOrderTest" name="submitOrder" time="14.749"/>
  <testcase classname="rahulshettyacademy.tests.SubmitOrderTest" name="submitOrder" time="7.190"/>
  <testcase classname="rahulshettyacademy.tests.SubmitOrderTest" name="OrderHistoryTest" time="6.275"/>
</testsuite> <!-- rahulshettyacademy.tests.SubmitOrderTest -->
