<?xml version="1.0" encoding="UTF-8"?>
<!-- Generated by org.testng.reporters.JUnitReportReporter -->
<testsuite hostname="LAPTOP-ONFE0KF5" failures="0" tests="2" name="rahulshettyacademy.tests.ErrorValidationsTest" time="26.455" errors="0" timestamp="26 Oct 2024 17:23:41 GMT" skipped="0">
  <testcase classname="rahulshettyacademy.tests.ErrorValidationsTest" name="LoginErrorValidation" time="12.425"/>
  <testcase classname="rahulshettyacademy.tests.ErrorValidationsTest" name="ProductErrorValidation" time="14.030"/>
</testsuite> <!-- rahulshettyacademy.tests.ErrorValidationsTest -->
